==========================Время вызова функции: 2024-09-11 23:08:59.904885==========================
Имя вызванной функции: hello_world
Аргументы вызванной функции: () и {}
Значение, возвращаемое функцией Hello World
==========================Время вызова функции: 2024-09-11 23:08:59.905091==========================
Имя вызванной функции: summator
Аргументы вызванной функции: (2, 2) и {}
Значение, возвращаемое функцией 4
==========================Время вызова функции: 2024-09-11 23:08:59.905154==========================
Имя вызванной функции: div
Аргументы вызванной функции: (6, 2) и {}
Значение, возвращаемое функцией 3.0
==========================Время вызова функции: 2024-09-11 23:08:59.905215==========================
Имя вызванной функции: summator
Аргументы вызванной функции: (4.3,) и {'b': 2.2}
Значение, возвращаемое функцией 6.5
==========================Время вызова функции: 2024-09-11 23:08:59.905273==========================
Имя вызванной функции: summator
Аргументы вызванной функции: () и {'a': 0, 'b': 0}
Значение, возвращаемое функцией 0
